<?xml version="1.0" encoding="utf-8"?><testsuites name="pytest tests"><testsuite name="pytest" errors="0" failures="0" skipped="0" tests="22" time="62.611" timestamp="2026-02-27T23:09:19.041068+00:00" hostname="agent-env-11950a2f-ea83-4610-9fb9-0b41c20798d9"><testcase classname="tests.test_quote_image_storage.TestQuoteImageStorage" name="test_upload_quote_image_stores_in_quote_images_directory" time="13.088" /><testcase classname="tests.test_quote_image_storage.TestQuoteImageServing" name="test_serve_quote_image_returns_200" time="0.294" /><testcase classname="tests.test_quote_image_storage.TestQuoteImageServing" name="test_nonexistent_image_returns_404" time="0.111" /><testcase classname="tests.test_quote_image_storage.TestPendingQuotesWithImages" name="test_pending_quotes_have_correct_image_path" time="0.486" /><testcase classname="tests.test_quote_image_storage.TestBookingDoesNotDeleteImage" name="test_booking_preserves_quote_image" time="12.719" /><testcase classname="tests.test_text2toss_api.TestHealthEndpoints" name="test_api_health_returns_200" time="0.107" /><testcase classname="tests.test_text2toss_api.TestHealthEndpoints" name="test_api_root_returns_message" time="0.109" /><testcase classname="tests.test_text2toss_api.TestQuoteCreation" name="test_create_quote_small_auto_approved" time="3.150" /><testcase classname="tests.test_text2toss_api.TestQuoteCreation" name="test_create_quote_large_requires_approval" time="3.850" /><testcase classname="tests.test_text2toss_api.TestQuoteCreation" name="test_get_quote_by_id" time="4.021" /><testcase classname="tests.test_text2toss_api.TestAdminAuthentication" name="test_admin_login_success" time="0.407" /><testcase classname="tests.test_text2toss_api.TestAdminAuthentication" name="test_admin_login_invalid_password" time="0.340" /><testcase classname="tests.test_text2toss_api.TestQuoteApproval" name="test_get_pending_quotes" time="0.122" /><testcase classname="tests.test_text2toss_api.TestQuoteApproval" name="test_get_quote_approval_stats" time="0.122" /><testcase classname="tests.test_text2toss_api.TestQuoteApproval" name="test_approve_quote" time="4.186" /><testcase classname="tests.test_text2toss_api.TestQuoteApproval" name="test_reject_quote" time="4.798" /><testcase classname="tests.test_text2toss_api.TestBookingCreation" name="test_booking_with_auto_approved_quote" time="8.467" /><testcase classname="tests.test_text2toss_api.TestBookingCreation" name="test_booking_with_approval_required_quote" time="5.664" /><testcase classname="tests.test_text2toss_api.TestAvailability" name="test_get_availability_for_valid_date" time="0.141" /><testcase classname="tests.test_text2toss_api.TestAvailability" name="test_availability_not_available_weekend" time="0.135" /><testcase classname="tests.test_text2toss_api.TestAdminDashboard" name="test_get_daily_schedule" time="0.116" /><testcase classname="tests.test_text2toss_api.TestAdminDashboard" name="test_get_pending_payments" time="0.118" /></testsuite></testsuites>