<?xml version="1.0" encoding="utf-8"?><testsuites name="pytest tests"><testsuite name="pytest" errors="0" failures="0" skipped="1" tests="8" time="1.613" timestamp="2026-04-03T04:54:47.190735+00:00" hostname="agent-env-11950a2f-ea83-4610-9fb9-0b41c20798d9"><testcase classname="backend.tests.test_new_features.TestHealthEndpoint" name="test_health_returns_healthy" time="0.161" /><testcase classname="backend.tests.test_new_features.TestBookingLookup" name="test_lookup_with_valid_email" time="0.118" /><testcase classname="backend.tests.test_new_features.TestBookingLookup" name="test_lookup_with_nonexistent_email" time="0.117" /><testcase classname="backend.tests.test_new_features.TestBookingLookup" name="test_lookup_without_email" time="0.138" /><testcase classname="backend.tests.test_new_features.TestAdminPendingPayments" name="test_pending_payments_returns_list" time="0.103" /><testcase classname="backend.tests.test_new_features.TestAdminBookingCancel" name="test_cancel_booking_sets_payment_status_cancelled" time="0.427"><skipped type="pytest.skip" message="No pending payment bookings available to test cancellation">/app/backend/tests/test_new_features.py:115: No pending payment bookings available to test cancellation</skipped></testcase><testcase classname="backend.tests.test_new_features.TestAdminLogin" name="test_admin_login_success" time="0.326" /><testcase classname="backend.tests.test_new_features.TestAdminLogin" name="test_admin_login_invalid_credentials" time="0.164" /></testsuite></testsuites>