<?xml version="1.0" encoding="utf-8"?><testsuites name="pytest tests"><testsuite name="pytest" errors="0" failures="0" skipped="0" tests="15" time="4.012" timestamp="2026-04-12T23:31:22.362872+00:00" hostname="agent-env-11950a2f-ea83-4610-9fb9-0b41c20798d9"><testcase classname="backend.tests.test_admin_cookie_auth.TestAdminCookieAuth" name="test_admin_login_success_sets_cookie" time="0.374" /><testcase classname="backend.tests.test_admin_cookie_auth.TestAdminCookieAuth" name="test_admin_login_invalid_credentials" time="0.115" /><testcase classname="backend.tests.test_admin_cookie_auth.TestAdminCookieAuth" name="test_admin_login_wrong_password" time="0.369" /><testcase classname="backend.tests.test_admin_cookie_auth.TestAdminCookieAuth" name="test_admin_login_exempt_from_cookie_requirement" time="0.334" /><testcase classname="backend.tests.test_admin_cookie_auth.TestAdminCookieAuth" name="test_admin_verify_with_cookie" time="0.416" /><testcase classname="backend.tests.test_admin_cookie_auth.TestAdminCookieAuth" name="test_admin_verify_without_cookie_returns_401" time="0.116" /><testcase classname="backend.tests.test_admin_cookie_auth.TestAdminCookieAuth" name="test_admin_logout_clears_cookie" time="0.428" /><testcase classname="backend.tests.test_admin_cookie_auth.TestAdminCookieAuth" name="test_pending_payments_without_cookie_returns_401" time="0.113" /><testcase classname="backend.tests.test_admin_cookie_auth.TestAdminCookieAuth" name="test_pending_quotes_without_cookie_returns_401" time="0.177" /><testcase classname="backend.tests.test_admin_cookie_auth.TestAdminCookieAuth" name="test_all_bookings_without_cookie_returns_401" time="0.114" /><testcase classname="backend.tests.test_admin_cookie_auth.TestAdminCookieAuth" name="test_daily_schedule_without_cookie_returns_401" time="0.117" /><testcase classname="backend.tests.test_admin_cookie_auth.TestAdminCookieAuth" name="test_pending_payments_with_cookie_succeeds" time="0.383" /><testcase classname="backend.tests.test_admin_cookie_auth.TestAdminCookieAuth" name="test_pending_quotes_with_cookie_succeeds" time="0.392" /><testcase classname="backend.tests.test_admin_cookie_auth.TestAdminCookieAuth" name="test_daily_schedule_with_cookie_succeeds" time="0.401" /><testcase classname="backend.tests.test_admin_cookie_auth.TestHealthCheck" name="test_health_endpoint" time="0.106" /></testsuite></testsuites>