<?xml version="1.0" encoding="utf-8"?><testsuites name="pytest tests"><testsuite name="pytest" errors="0" failures="0" skipped="0" tests="69" time="37.197" timestamp="2026-04-26T20:16:58.884568+00:00" hostname="agent-env-11950a2f-ea83-4610-9fb9-0b41c20798d9"><testcase classname="tests.test_photo_reel_crop.TestReorderReel" name="test_no_cookie_returns_401" time="0.126" /><testcase classname="tests.test_photo_reel_crop.TestReorderReel" name="test_wrong_length_returns_400" time="0.465" /><testcase classname="tests.test_photo_reel_crop.TestReorderReel" name="test_six_slots_persists_and_reverses" time="0.162" /><testcase classname="tests.test_photo_reel_crop.TestUploadGalleryPhotoHardened" name="test_large_jpeg_resized_under_500kb" time="1.120" /><testcase classname="tests.test_photo_reel_crop.TestUploadGalleryPhotoHardened" name="test_non_image_returns_400" time="0.107" /><testcase classname="tests.test_photo_reel_crop.TestUploadGalleryPhotoHardened" name="test_heic_upload_succeeds_as_jpeg" time="0.137" /><testcase classname="tests.test_photo_reel_crop.TestCropReelPhoto" name="test_no_cookie_returns_401" time="0.107" /><testcase classname="tests.test_photo_reel_crop.TestCropReelPhoto" name="test_invalid_slot_index_returns_422" time="0.058" /><testcase classname="tests.test_photo_reel_crop.TestCropReelPhoto" name="test_unloadable_photo_returns_400" time="0.098" /><testcase classname="tests.test_photo_reel_crop.TestCropReelPhoto" name="test_crop_local_gallery_photo_full_flow" time="0.535" /><testcase classname="tests.test_marketing.TestMarketingAuthGating" name="test_endpoint_requires_admin_cookie[POST-/api/admin/marketing/share-event-body0]" time="0.123" /><testcase classname="tests.test_marketing.TestMarketingAuthGating" name="test_endpoint_requires_admin_cookie[GET-/api/admin/marketing/stats-None]" time="0.117" /><testcase classname="tests.test_marketing.TestMarketingAuthGating" name="test_endpoint_requires_admin_cookie[GET-/api/admin/marketing/settings-None]" time="0.110" /><testcase classname="tests.test_marketing.TestMarketingAuthGating" name="test_endpoint_requires_admin_cookie[POST-/api/admin/marketing/settings-body3]" time="0.113" /><testcase classname="tests.test_marketing.TestMarketingShareEvent" name="test_share_event_valid_channels[native]" time="0.385" /><testcase classname="tests.test_marketing.TestMarketingShareEvent" name="test_share_event_valid_channels[facebook]" time="0.047" /><testcase classname="tests.test_marketing.TestMarketingShareEvent" name="test_share_event_valid_channels[copy]" time="0.046" /><testcase classname="tests.test_marketing.TestMarketingShareEvent" name="test_share_event_valid_channels[download]" time="0.051" /><testcase classname="tests.test_marketing.TestMarketingShareEvent" name="test_share_event_invalid_channel_returns_400" time="0.045" /><testcase classname="tests.test_marketing.TestMarketingShareEvent" name="test_share_event_missing_channel_returns_422" time="0.045" /><testcase classname="tests.test_marketing.TestMarketingShareEvent" name="test_share_event_increments_stats" time="0.144" /><testcase classname="tests.test_marketing.TestMarketingStats" name="test_stats_shape" time="0.047" /><testcase classname="tests.test_marketing.TestMarketingSettings" name="test_get_settings_returns_object" time="0.047" /><testcase classname="tests.test_marketing.TestMarketingSettings" name="test_save_and_persist_settings" time="0.144" /><testcase classname="tests.test_marketing.TestMarketingSettings" name="test_save_settings_rejects_long_deal_text" time="0.050" /><testcase classname="tests.test_marketing.TestMarketingSettings" name="test_save_settings_rejects_invalid_hour[-1]" time="0.045" /><testcase classname="tests.test_marketing.TestMarketingSettings" name="test_save_settings_rejects_invalid_hour[24]" time="0.051" /><testcase classname="tests.test_marketing.TestMarketingSettings" name="test_save_settings_rejects_invalid_hour[99]" time="0.045" /><testcase classname="tests.test_push.TestVapidPublicKey" name="test_public_no_auth_required" time="0.439" /><testcase classname="tests.test_push.TestPushAuthGating" name="test_requires_admin_cookie[POST-/api/admin/push/subscribe-&lt;lambda&gt;]" time="0.159" /><testcase classname="tests.test_push.TestPushAuthGating" name="test_requires_admin_cookie[POST-/api/admin/push/unsubscribe-&lt;lambda&gt;]" time="0.110" /><testcase classname="tests.test_push.TestPushAuthGating" name="test_requires_admin_cookie[POST-/api/admin/push/send-test-&lt;lambda&gt;]" time="0.114" /><testcase classname="tests.test_push.TestPushSubscribe" name="test_subscribe_persists_and_is_idempotent" time="0.145" /><testcase classname="tests.test_push.TestPushSubscribe" name="test_subscribe_validation_missing_p256dh" time="0.053" /><testcase classname="tests.test_push.TestPushSubscribe" name="test_subscribe_validation_missing_auth" time="0.044" /><testcase classname="tests.test_push.TestPushSubscribe" name="test_subscribe_validation_missing_endpoint" time="0.046" /><testcase classname="tests.test_push.TestPushUnsubscribe" name="test_unsubscribe_removes_existing" time="0.100" /><testcase classname="tests.test_push.TestPushUnsubscribe" name="test_unsubscribe_unknown_endpoint_returns_zero" time="0.050" /><testcase classname="tests.test_push.TestPushSendTest" name="test_send_test_does_not_crash_on_bad_keys" time="0.195" /><testcase classname="tests.test_push.TestPushSendTest" name="test_send_test_with_no_subscriptions_returns_200" time="0.051" /><testcase classname="tests.test_push.TestMarketingRegression" name="test_marketing_settings_round_trip" time="0.147" /><testcase classname="tests.test_push.TestMarketingRegression" name="test_marketing_share_event" time="0.050" /><testcase classname="tests.test_push.TestMarketingRegression" name="test_marketing_stats" time="0.048" /><testcase classname="tests.test_marketing_timezone.TestTimezoneDefault" name="test_default_timezone_is_utc" time="0.521" /><testcase classname="tests.test_marketing_timezone.TestTimezonePersistence" name="test_save_valid_iana_timezone" time="0.104" /><testcase classname="tests.test_marketing_timezone.TestTimezoneValidation" name="test_timezone_over_64_chars_rejected" time="0.047" /><testcase classname="tests.test_marketing_timezone.TestInvalidTimezoneSchedulerSafety" name="test_invalid_tz_does_not_break_send_test" time="0.213" /><testcase classname="tests.test_push_health.TestPushHealthAuth" name="test_no_cookie_returns_401" time="0.118" /><testcase classname="tests.test_push_health.TestPushHealthShape" name="test_returns_expected_keys" time="0.404" /><testcase classname="tests.test_push_health.TestSendTestUpdatesHealth" name="test_send_test_then_health_shows_kind_test" time="0.123" /><testcase classname="tests.test_quote_booking_refactor.TestImageQuoteEndpoint" name="test_image_quote_returns_full_payload" time="2.378" /><testcase classname="tests.test_quote_booking_refactor.TestImageQuoteEndpoint" name="test_image_quote_rejects_non_image" time="0.161" /><testcase classname="tests.test_quote_booking_refactor.TestImageQuoteCacheHit" name="test_same_image_returns_identical_result_faster" time="2.310" /><testcase classname="tests.test_quote_booking_refactor.TestBookingCreationFlow" name="test_booking_create_success" time="3.553" /><testcase classname="tests.test_quote_booking_refactor.TestBookingCreationFlow" name="test_booking_friday_returns_400" time="0.128" /><testcase classname="tests.test_quote_booking_refactor.TestBookingCreationFlow" name="test_booking_slot_conflict_returns_409" time="2.176" /><testcase classname="tests.test_quote_booking_refactor.TestBookingCreationFlow" name="test_booking_unknown_quote_returns_404" time="0.111" /><testcase classname="tests.test_quote_approval_completion_refactor.TestApproveQuoteEndpoint" name="test_approve_no_price_change_returns_approved" time="1.996" /><testcase classname="tests.test_quote_approval_completion_refactor.TestApproveQuoteEndpoint" name="test_reject_quote_returns_rejected" time="1.476" /><testcase classname="tests.test_quote_approval_completion_refactor.TestApproveQuoteEndpoint" name="test_approve_quote_not_found_returns_404" time="0.054" /><testcase classname="tests.test_quote_approval_completion_refactor.TestApproveQuoteEndpoint" name="test_approve_quote_not_pending_returns_400" time="1.771" /><testcase classname="tests.test_quote_approval_completion_refactor.TestApproveQuoteEndpoint" name="test_approve_with_higher_price_marks_booking_pending_customer" time="2.391" /><testcase classname="tests.test_quote_approval_completion_refactor.TestCompletionPhotoUpload" name="test_completion_upload_404_when_booking_missing" time="0.049" /><testcase classname="tests.test_quote_approval_completion_refactor.TestCompletionPhotoUpload" name="test_completion_upload_400_when_status_not_completed" time="1.586" /><testcase classname="tests.test_quote_approval_completion_refactor.TestCompletionPhotoUpload" name="test_completion_upload_400_when_not_image" time="2.112" /><testcase classname="tests.test_quote_approval_completion_refactor.TestCompletionPhotoUpload" name="test_completion_upload_success_persists_path_and_note" time="1.645" /><testcase classname="tests.test_quote_approval_completion_refactor.TestDescriptionAwareImageCache" name="test_same_image_same_description_is_cache_hit" time="1.724" /><testcase classname="tests.test_quote_approval_completion_refactor.TestDescriptionAwareImageCache" name="test_same_image_different_description_is_cache_miss" time="3.541" /><testcase classname="tests.test_quote_approval_completion_refactor.TestDescriptionAwareImageCache" name="test_image_cache_documents_have_cache_key_field" time="0.003" /></testsuite></testsuites>