<?xml version="1.0" encoding="utf-8"?><testsuites name="pytest tests"><testsuite name="pytest" errors="0" failures="0" skipped="0" tests="37" time="4.774" timestamp="2026-04-26T18:12:32.638965+00:00" hostname="agent-env-11950a2f-ea83-4610-9fb9-0b41c20798d9"><testcase classname="backend.tests.test_marketing.TestMarketingAuthGating" name="test_endpoint_requires_admin_cookie[POST-/api/admin/marketing/share-event-body0]" time="0.232" /><testcase classname="backend.tests.test_marketing.TestMarketingAuthGating" name="test_endpoint_requires_admin_cookie[GET-/api/admin/marketing/stats-None]" time="0.123" /><testcase classname="backend.tests.test_marketing.TestMarketingAuthGating" name="test_endpoint_requires_admin_cookie[GET-/api/admin/marketing/settings-None]" time="0.172" /><testcase classname="backend.tests.test_marketing.TestMarketingAuthGating" name="test_endpoint_requires_admin_cookie[POST-/api/admin/marketing/settings-body3]" time="0.120" /><testcase classname="backend.tests.test_marketing.TestMarketingShareEvent" name="test_share_event_valid_channels[native]" time="0.414" /><testcase classname="backend.tests.test_marketing.TestMarketingShareEvent" name="test_share_event_valid_channels[facebook]" time="0.049" /><testcase classname="backend.tests.test_marketing.TestMarketingShareEvent" name="test_share_event_valid_channels[copy]" time="0.050" /><testcase classname="backend.tests.test_marketing.TestMarketingShareEvent" name="test_share_event_valid_channels[download]" time="0.048" /><testcase classname="backend.tests.test_marketing.TestMarketingShareEvent" name="test_share_event_invalid_channel_returns_400" time="0.049" /><testcase classname="backend.tests.test_marketing.TestMarketingShareEvent" name="test_share_event_missing_channel_returns_422" time="0.048" /><testcase classname="backend.tests.test_marketing.TestMarketingShareEvent" name="test_share_event_increments_stats" time="0.148" /><testcase classname="backend.tests.test_marketing.TestMarketingStats" name="test_stats_shape" time="0.052" /><testcase classname="backend.tests.test_marketing.TestMarketingSettings" name="test_get_settings_returns_object" time="0.050" /><testcase classname="backend.tests.test_marketing.TestMarketingSettings" name="test_save_and_persist_settings" time="0.141" /><testcase classname="backend.tests.test_marketing.TestMarketingSettings" name="test_save_settings_rejects_long_deal_text" time="0.050" /><testcase classname="backend.tests.test_marketing.TestMarketingSettings" name="test_save_settings_rejects_invalid_hour[-1]" time="0.047" /><testcase classname="backend.tests.test_marketing.TestMarketingSettings" name="test_save_settings_rejects_invalid_hour[24]" time="0.045" /><testcase classname="backend.tests.test_marketing.TestMarketingSettings" name="test_save_settings_rejects_invalid_hour[99]" time="0.048" /><testcase classname="backend.tests.test_push.TestVapidPublicKey" name="test_public_no_auth_required" time="0.478" /><testcase classname="backend.tests.test_push.TestPushAuthGating" name="test_requires_admin_cookie[POST-/api/admin/push/subscribe-&lt;lambda&gt;]" time="0.126" /><testcase classname="backend.tests.test_push.TestPushAuthGating" name="test_requires_admin_cookie[POST-/api/admin/push/unsubscribe-&lt;lambda&gt;]" time="0.115" /><testcase classname="backend.tests.test_push.TestPushAuthGating" name="test_requires_admin_cookie[POST-/api/admin/push/send-test-&lt;lambda&gt;]" time="0.159" /><testcase classname="backend.tests.test_push.TestPushSubscribe" name="test_subscribe_persists_and_is_idempotent" time="0.173" /><testcase classname="backend.tests.test_push.TestPushSubscribe" name="test_subscribe_validation_missing_p256dh" time="0.051" /><testcase classname="backend.tests.test_push.TestPushSubscribe" name="test_subscribe_validation_missing_auth" time="0.058" /><testcase classname="backend.tests.test_push.TestPushSubscribe" name="test_subscribe_validation_missing_endpoint" time="0.055" /><testcase classname="backend.tests.test_push.TestPushUnsubscribe" name="test_unsubscribe_removes_existing" time="0.112" /><testcase classname="backend.tests.test_push.TestPushUnsubscribe" name="test_unsubscribe_unknown_endpoint_returns_zero" time="0.061" /><testcase classname="backend.tests.test_push.TestPushSendTest" name="test_send_test_does_not_crash_on_bad_keys" time="0.185" /><testcase classname="backend.tests.test_push.TestPushSendTest" name="test_send_test_with_no_subscriptions_returns_200" time="0.059" /><testcase classname="backend.tests.test_push.TestMarketingRegression" name="test_marketing_settings_round_trip" time="0.166" /><testcase classname="backend.tests.test_push.TestMarketingRegression" name="test_marketing_share_event" time="0.058" /><testcase classname="backend.tests.test_push.TestMarketingRegression" name="test_marketing_stats" time="0.064" /><testcase classname="backend.tests.test_marketing_timezone.TestTimezoneDefault" name="test_default_timezone_is_utc" time="0.483" /><testcase classname="backend.tests.test_marketing_timezone.TestTimezonePersistence" name="test_save_valid_iana_timezone" time="0.111" /><testcase classname="backend.tests.test_marketing_timezone.TestTimezoneValidation" name="test_timezone_over_64_chars_rejected" time="0.048" /><testcase classname="backend.tests.test_marketing_timezone.TestInvalidTimezoneSchedulerSafety" name="test_invalid_tz_does_not_break_send_test" time="0.207" /></testsuite></testsuites>