<?xml version="1.0" encoding="utf-8"?><testsuites name="pytest tests"><testsuite name="pytest" errors="0" failures="0" skipped="0" tests="15" time="2.113" timestamp="2026-04-26T17:57:47.759462+00:00" hostname="agent-env-11950a2f-ea83-4610-9fb9-0b41c20798d9"><testcase classname="backend.tests.test_push.TestVapidPublicKey" name="test_public_no_auth_required" time="0.594" /><testcase classname="backend.tests.test_push.TestPushAuthGating" name="test_requires_admin_cookie[POST-/api/admin/push/subscribe-&lt;lambda&gt;]" time="0.112" /><testcase classname="backend.tests.test_push.TestPushAuthGating" name="test_requires_admin_cookie[POST-/api/admin/push/unsubscribe-&lt;lambda&gt;]" time="0.156" /><testcase classname="backend.tests.test_push.TestPushAuthGating" name="test_requires_admin_cookie[POST-/api/admin/push/send-test-&lt;lambda&gt;]" time="0.113" /><testcase classname="backend.tests.test_push.TestPushSubscribe" name="test_subscribe_persists_and_is_idempotent" time="0.181" /><testcase classname="backend.tests.test_push.TestPushSubscribe" name="test_subscribe_validation_missing_p256dh" time="0.052" /><testcase classname="backend.tests.test_push.TestPushSubscribe" name="test_subscribe_validation_missing_auth" time="0.059" /><testcase classname="backend.tests.test_push.TestPushSubscribe" name="test_subscribe_validation_missing_endpoint" time="0.056" /><testcase classname="backend.tests.test_push.TestPushUnsubscribe" name="test_unsubscribe_removes_existing" time="0.116" /><testcase classname="backend.tests.test_push.TestPushUnsubscribe" name="test_unsubscribe_unknown_endpoint_returns_zero" time="0.057" /><testcase classname="backend.tests.test_push.TestPushSendTest" name="test_send_test_does_not_crash_on_bad_keys" time="0.188" /><testcase classname="backend.tests.test_push.TestPushSendTest" name="test_send_test_with_no_subscriptions_returns_200" time="0.066" /><testcase classname="backend.tests.test_push.TestMarketingRegression" name="test_marketing_settings_round_trip" time="0.169" /><testcase classname="backend.tests.test_push.TestMarketingRegression" name="test_marketing_share_event" time="0.055" /><testcase classname="backend.tests.test_push.TestMarketingRegression" name="test_marketing_stats" time="0.059" /></testsuite></testsuites>