<?xml version="1.0" encoding="utf-8"?><testsuites name="pytest tests"><testsuite name="pytest" errors="0" failures="1" skipped="0" tests="7" time="12.877" timestamp="2026-04-26T19:42:17.673771+00:00" hostname="agent-env-11950a2f-ea83-4610-9fb9-0b41c20798d9"><testcase classname="tests.test_quote_booking_refactor.TestImageQuoteEndpoint" name="test_image_quote_returns_full_payload" time="2.543" /><testcase classname="tests.test_quote_booking_refactor.TestImageQuoteEndpoint" name="test_image_quote_rejects_non_image" time="0.164" /><testcase classname="tests.test_quote_booking_refactor.TestImageQuoteCacheHit" name="test_same_image_returns_identical_result_faster" time="2.400" /><testcase classname="tests.test_quote_booking_refactor.TestBookingCreationFlow" name="test_booking_create_success" time="4.307" /><testcase classname="tests.test_quote_booking_refactor.TestBookingCreationFlow" name="test_booking_friday_returns_400" time="0.115" /><testcase classname="tests.test_quote_booking_refactor.TestBookingCreationFlow" name="test_booking_slot_conflict_returns_409" time="3.144"><failure message="AssertionError: Expected 409 for slot conflict, got 200: {&quot;id&quot;:&quot;c2c96691-bd54-4de0-b1f4-e8d91c4f8fac&quot;,&quot;user_id&quot;:&quot;anonymous&quot;,&quot;quote_id&quot;:&quot;a7ec25ce-ac49-4501-8c48-b624c6846458&quot;,&quot;pickup_date&quot;:&quot;2026-04-27T12:00:00&quot;,&quot;pickup_time&quot;:&quot;6a8b PM&quot;,&quot;address&quot;:&quot;123 Test Lane, Flagstaff AZ&quot;,&quot;phone&quot;:&quot;+15555550101&quot;,&quot;email&quot;:&quot;test+booking@example.com&quot;,&quot;special_instructions&quot;:&quot;C&#10;assert 200 == 409&#10; +  where 200 = &lt;Response [200]&gt;.status_code">tests/test_quote_booking_refactor.py:210: in test_booking_slot_conflict_returns_409
    assert conflict.status_code == 409, (
E   AssertionError: Expected 409 for slot conflict, got 200: {"id":"c2c96691-bd54-4de0-b1f4-e8d91c4f8fac","user_id":"anonymous","quote_id":"a7ec25ce-ac49-4501-8c48-b624c6846458","pickup_date":"2026-04-27T12:00:00","pickup_time":"6a8b PM","address":"123 Test Lane, Flagstaff AZ","phone":"+15555550101","email":"test+booking@example.com","special_instructions":"C
E   assert 200 == 409
E    +  where 200 = &lt;Response [200]&gt;.status_code</failure></testcase><testcase classname="tests.test_quote_booking_refactor.TestBookingCreationFlow" name="test_booking_unknown_quote_returns_404" time="0.118" /></testsuite></testsuites>