<?xml version="1.0" encoding="utf-8"?><testsuites name="pytest tests"><testsuite name="pytest" errors="0" failures="1" skipped="2" tests="78" time="50.821" timestamp="2026-04-27T02:07:46.796668+00:00" hostname="agent-env-11950a2f-ea83-4610-9fb9-0b41c20798d9"><testcase classname="tests.test_photo_reel_crop.TestReorderReel" name="test_no_cookie_returns_401" time="0.294" /><testcase classname="tests.test_photo_reel_crop.TestReorderReel" name="test_wrong_length_returns_400" time="0.500" /><testcase classname="tests.test_photo_reel_crop.TestReorderReel" name="test_six_slots_persists_and_reverses" time="0.162" /><testcase classname="tests.test_photo_reel_crop.TestUploadGalleryPhotoHardened" name="test_large_jpeg_resized_under_500kb" time="1.023" /><testcase classname="tests.test_photo_reel_crop.TestUploadGalleryPhotoHardened" name="test_non_image_returns_400" time="0.156" /><testcase classname="tests.test_photo_reel_crop.TestUploadGalleryPhotoHardened" name="test_heic_upload_succeeds_as_jpeg" time="0.156" /><testcase classname="tests.test_photo_reel_crop.TestCropReelPhoto" name="test_no_cookie_returns_401" time="0.148" /><testcase classname="tests.test_photo_reel_crop.TestCropReelPhoto" name="test_invalid_slot_index_returns_422" time="0.052" /><testcase classname="tests.test_photo_reel_crop.TestCropReelPhoto" name="test_unloadable_photo_returns_400" time="0.136" /><testcase classname="tests.test_photo_reel_crop.TestCropReelPhoto" name="test_crop_local_gallery_photo_full_flow" time="0.461" /><testcase classname="tests.test_marketing.TestMarketingAuthGating" name="test_endpoint_requires_admin_cookie[POST-/api/admin/marketing/share-event-body0]" time="0.123" /><testcase classname="tests.test_marketing.TestMarketingAuthGating" name="test_endpoint_requires_admin_cookie[GET-/api/admin/marketing/stats-None]" time="0.103" /><testcase classname="tests.test_marketing.TestMarketingAuthGating" name="test_endpoint_requires_admin_cookie[GET-/api/admin/marketing/settings-None]" time="0.152" /><testcase classname="tests.test_marketing.TestMarketingAuthGating" name="test_endpoint_requires_admin_cookie[POST-/api/admin/marketing/settings-body3]" time="0.148" /><testcase classname="tests.test_marketing.TestMarketingShareEvent" name="test_share_event_valid_channels[native]" time="0.390" /><testcase classname="tests.test_marketing.TestMarketingShareEvent" name="test_share_event_valid_channels[facebook]" time="0.110" /><testcase classname="tests.test_marketing.TestMarketingShareEvent" name="test_share_event_valid_channels[copy]" time="0.052" /><testcase classname="tests.test_marketing.TestMarketingShareEvent" name="test_share_event_valid_channels[download]" time="0.050" /><testcase classname="tests.test_marketing.TestMarketingShareEvent" name="test_share_event_invalid_channel_returns_400" time="0.051" /><testcase classname="tests.test_marketing.TestMarketingShareEvent" name="test_share_event_missing_channel_returns_422" time="0.049" /><testcase classname="tests.test_marketing.TestMarketingShareEvent" name="test_share_event_increments_stats" time="0.154" /><testcase classname="tests.test_marketing.TestMarketingStats" name="test_stats_shape" time="0.052" /><testcase classname="tests.test_marketing.TestMarketingSettings" name="test_get_settings_returns_object" time="0.075" /><testcase classname="tests.test_marketing.TestMarketingSettings" name="test_save_and_persist_settings" time="0.149" /><testcase classname="tests.test_marketing.TestMarketingSettings" name="test_save_settings_rejects_long_deal_text" time="0.048" /><testcase classname="tests.test_marketing.TestMarketingSettings" name="test_save_settings_rejects_invalid_hour[-1]" time="0.049" /><testcase classname="tests.test_marketing.TestMarketingSettings" name="test_save_settings_rejects_invalid_hour[24]" time="0.049" /><testcase classname="tests.test_marketing.TestMarketingSettings" name="test_save_settings_rejects_invalid_hour[99]" time="0.050" /><testcase classname="tests.test_push.TestVapidPublicKey" name="test_public_no_auth_required" time="0.501" /><testcase classname="tests.test_push.TestPushAuthGating" name="test_requires_admin_cookie[POST-/api/admin/push/subscribe-&lt;lambda&gt;]" time="0.114" /><testcase classname="tests.test_push.TestPushAuthGating" name="test_requires_admin_cookie[POST-/api/admin/push/unsubscribe-&lt;lambda&gt;]" time="0.121" /><testcase classname="tests.test_push.TestPushAuthGating" name="test_requires_admin_cookie[POST-/api/admin/push/send-test-&lt;lambda&gt;]" time="0.151" /><testcase classname="tests.test_push.TestPushSubscribe" name="test_subscribe_persists_and_is_idempotent" time="0.151" /><testcase classname="tests.test_push.TestPushSubscribe" name="test_subscribe_validation_missing_p256dh" time="0.049" /><testcase classname="tests.test_push.TestPushSubscribe" name="test_subscribe_validation_missing_auth" time="0.048" /><testcase classname="tests.test_push.TestPushSubscribe" name="test_subscribe_validation_missing_endpoint" time="0.048" /><testcase classname="tests.test_push.TestPushUnsubscribe" name="test_unsubscribe_removes_existing" time="0.094" /><testcase classname="tests.test_push.TestPushUnsubscribe" name="test_unsubscribe_unknown_endpoint_returns_zero" time="0.048" /><testcase classname="tests.test_push.TestPushSendTest" name="test_send_test_does_not_crash_on_bad_keys" time="0.189" /><testcase classname="tests.test_push.TestPushSendTest" name="test_send_test_with_no_subscriptions_returns_200" time="0.051" /><testcase classname="tests.test_push.TestMarketingRegression" name="test_marketing_settings_round_trip" time="0.141" /><testcase classname="tests.test_push.TestMarketingRegression" name="test_marketing_share_event" time="0.047" /><testcase classname="tests.test_push.TestMarketingRegression" name="test_marketing_stats" time="0.076" /><testcase classname="tests.test_marketing_timezone.TestTimezoneDefault" name="test_default_timezone_is_utc" time="0.557" /><testcase classname="tests.test_marketing_timezone.TestTimezonePersistence" name="test_save_valid_iana_timezone" time="0.131" /><testcase classname="tests.test_marketing_timezone.TestTimezoneValidation" name="test_timezone_over_64_chars_rejected" time="0.057" /><testcase classname="tests.test_marketing_timezone.TestInvalidTimezoneSchedulerSafety" name="test_invalid_tz_does_not_break_send_test" time="0.243" /><testcase classname="tests.test_push_health.TestPushHealthAuth" name="test_no_cookie_returns_401" time="0.105" /><testcase classname="tests.test_push_health.TestPushHealthShape" name="test_returns_expected_keys" time="0.390" /><testcase classname="tests.test_push_health.TestSendTestUpdatesHealth" name="test_send_test_then_health_shows_kind_test" time="0.100" /><testcase classname="tests.test_quote_booking_refactor.TestImageQuoteEndpoint" name="test_image_quote_returns_full_payload" time="2.649" /><testcase classname="tests.test_quote_booking_refactor.TestImageQuoteEndpoint" name="test_image_quote_rejects_non_image" time="0.161" /><testcase classname="tests.test_quote_booking_refactor.TestImageQuoteCacheHit" name="test_same_image_returns_identical_result_faster" time="1.724" /><testcase classname="tests.test_quote_booking_refactor.TestBookingCreationFlow" name="test_booking_create_success" time="3.516" /><testcase classname="tests.test_quote_booking_refactor.TestBookingCreationFlow" name="test_booking_friday_returns_400" time="0.143" /><testcase classname="tests.test_quote_booking_refactor.TestBookingCreationFlow" name="test_booking_slot_conflict_returns_409" time="1.867" /><testcase classname="tests.test_quote_booking_refactor.TestBookingCreationFlow" name="test_booking_unknown_quote_returns_404" time="0.119" /><testcase classname="tests.test_quote_approval_completion_refactor.TestApproveQuoteEndpoint" name="test_approve_no_price_change_returns_approved" time="2.081" /><testcase classname="tests.test_quote_approval_completion_refactor.TestApproveQuoteEndpoint" name="test_reject_quote_returns_rejected" time="2.353" /><testcase classname="tests.test_quote_approval_completion_refactor.TestApproveQuoteEndpoint" name="test_approve_quote_not_found_returns_404" time="0.050" /><testcase classname="tests.test_quote_approval_completion_refactor.TestApproveQuoteEndpoint" name="test_approve_quote_not_pending_returns_400" time="1.609" /><testcase classname="tests.test_quote_approval_completion_refactor.TestApproveQuoteEndpoint" name="test_approve_with_higher_price_marks_booking_pending_customer" time="2.641" /><testcase classname="tests.test_quote_approval_completion_refactor.TestCompletionPhotoUpload" name="test_completion_upload_404_when_booking_missing" time="0.057" /><testcase classname="tests.test_quote_approval_completion_refactor.TestCompletionPhotoUpload" name="test_completion_upload_400_when_status_not_completed" time="1.612" /><testcase classname="tests.test_quote_approval_completion_refactor.TestCompletionPhotoUpload" name="test_completion_upload_400_when_not_image" time="1.543" /><testcase classname="tests.test_quote_approval_completion_refactor.TestCompletionPhotoUpload" name="test_completion_upload_success_persists_path_and_note" time="1.791" /><testcase classname="tests.test_quote_approval_completion_refactor.TestDescriptionAwareImageCache" name="test_same_image_same_description_is_cache_hit" time="1.533" /><testcase classname="tests.test_quote_approval_completion_refactor.TestDescriptionAwareImageCache" name="test_same_image_different_description_is_cache_miss" time="3.730" /><testcase classname="tests.test_quote_approval_completion_refactor.TestDescriptionAwareImageCache" name="test_image_cache_documents_have_cache_key_field" time="0.003" /><testcase classname="tests.test_iter15_form_and_stale_clear.TestCompletionNoteFormBinding" name="test_completion_note_persisted_via_multipart_form" time="2.233" /><testcase classname="tests.test_iter15_form_and_stale_clear.TestCompletionNoteFormBinding" name="test_completion_note_empty_when_not_provided" time="1.408" /><testcase classname="tests.test_iter15_form_and_stale_clear.TestClearStalePriceAdjustment" name="test_reapproval_at_lower_price_clears_stale_token_and_resets_status" time="3.166" /><testcase classname="tests.test_iter15_form_and_stale_clear.TestClearStalePriceAdjustment" name="test_reapproval_with_no_price_change_clears_stale_state" time="2.450" /><testcase classname="tests.test_iter15_form_and_stale_clear.TestClearStalePriceAdjustment" name="test_reapproval_lower_price_with_no_booking_does_not_error" time="1.797" /><testcase classname="tests.test_iter15_form_and_stale_clear.TestClearStalePriceAdjustment" name="test_reapproval_lower_price_does_not_clear_when_no_stale_fields" time="1.959" /><testcase classname="tests.test_payment_info_public.TestPublicPaymentInfo" name="test_endpoint_requires_no_auth" time="0.011"><skipped type="pytest.skip" message="No bookings in DB to test against">/app/backend/tests/test_payment_info_public.py:58: No bookings in DB to test against</skipped></testcase><testcase classname="tests.test_payment_info_public.TestPublicPaymentInfo" name="test_existing_booking_returns_full_payload" time="0.000"><skipped type="pytest.skip" message="No bookings in DB to test against">/app/backend/tests/test_payment_info_public.py:45: No bookings in DB to test against</skipped></testcase><testcase classname="tests.test_payment_info_public.TestPublicPaymentInfo" name="test_unknown_booking_returns_404" time="0.001"><failure message="requests.exceptions.MissingSchema: Invalid URL '/api/bookings/does-not-exist/payment-info': No scheme supplied. Perhaps you meant https:///api/bookings/does-not-exist/payment-info?">tests/test_payment_info_public.py:42: in test_unknown_booking_returns_404
    resp = requests.get(f"{BASE_URL}/api/bookings/does-not-exist/payment-info")
           ^^^^^^^^^^^^^^^^^^^^^^^^^^^^^^^^^^^^^^^^^^^^^^^^^^^^^^^^^^^^^^^^^^^^
/root/.venv/lib/python3.11/site-packages/requests/api.py:73: in get
    return request("get", url, params=params, **kwargs)
           ^^^^^^^^^^^^^^^^^^^^^^^^^^^^^^^^^^^^^^^^^^^^
/root/.venv/lib/python3.11/site-packages/requests/api.py:59: in request
    return session.request(method=method, url=url, **kwargs)
           ^^^^^^^^^^^^^^^^^^^^^^^^^^^^^^^^^^^^^^^^^^^^^^^^^
/root/.venv/lib/python3.11/site-packages/requests/sessions.py:575: in request
    prep = self.prepare_request(req)
           ^^^^^^^^^^^^^^^^^^^^^^^^^
/root/.venv/lib/python3.11/site-packages/requests/sessions.py:484: in prepare_request
    p.prepare(
/root/.venv/lib/python3.11/site-packages/requests/models.py:367: in prepare
    self.prepare_url(url, params)
/root/.venv/lib/python3.11/site-packages/requests/models.py:438: in prepare_url
    raise MissingSchema(
E   requests.exceptions.MissingSchema: Invalid URL '/api/bookings/does-not-exist/payment-info': No scheme supplied. Perhaps you meant https:///api/bookings/does-not-exist/payment-info?</failure></testcase></testsuite></testsuites>