<?xml version="1.0" encoding="utf-8"?><testsuites name="pytest tests"><testsuite name="pytest" errors="0" failures="0" skipped="0" tests="15" time="4.038" timestamp="2026-04-03T06:53:45.059497+00:00" hostname="agent-env-11950a2f-ea83-4610-9fb9-0b41c20798d9"><testcase classname="backend.tests.test_admin_cookie_auth.TestAdminCookieAuth" name="test_admin_login_success_sets_cookie" time="0.475" /><testcase classname="backend.tests.test_admin_cookie_auth.TestAdminCookieAuth" name="test_admin_login_invalid_credentials" time="0.114" /><testcase classname="backend.tests.test_admin_cookie_auth.TestAdminCookieAuth" name="test_admin_login_wrong_password" time="0.335" /><testcase classname="backend.tests.test_admin_cookie_auth.TestAdminCookieAuth" name="test_admin_login_exempt_from_cookie_requirement" time="0.342" /><testcase classname="backend.tests.test_admin_cookie_auth.TestAdminCookieAuth" name="test_admin_verify_with_cookie" time="0.410" /><testcase classname="backend.tests.test_admin_cookie_auth.TestAdminCookieAuth" name="test_admin_verify_without_cookie_returns_401" time="0.148" /><testcase classname="backend.tests.test_admin_cookie_auth.TestAdminCookieAuth" name="test_admin_logout_clears_cookie" time="0.415" /><testcase classname="backend.tests.test_admin_cookie_auth.TestAdminCookieAuth" name="test_pending_payments_without_cookie_returns_401" time="0.094" /><testcase classname="backend.tests.test_admin_cookie_auth.TestAdminCookieAuth" name="test_pending_quotes_without_cookie_returns_401" time="0.138" /><testcase classname="backend.tests.test_admin_cookie_auth.TestAdminCookieAuth" name="test_all_bookings_without_cookie_returns_401" time="0.132" /><testcase classname="backend.tests.test_admin_cookie_auth.TestAdminCookieAuth" name="test_daily_schedule_without_cookie_returns_401" time="0.102" /><testcase classname="backend.tests.test_admin_cookie_auth.TestAdminCookieAuth" name="test_pending_payments_with_cookie_succeeds" time="0.378" /><testcase classname="backend.tests.test_admin_cookie_auth.TestAdminCookieAuth" name="test_pending_quotes_with_cookie_succeeds" time="0.413" /><testcase classname="backend.tests.test_admin_cookie_auth.TestAdminCookieAuth" name="test_daily_schedule_with_cookie_succeeds" time="0.374" /><testcase classname="backend.tests.test_admin_cookie_auth.TestHealthCheck" name="test_health_endpoint" time="0.098" /></testsuite></testsuites>