<?xml version="1.0" encoding="utf-8"?><testsuites name="pytest tests"><testsuite name="pytest" errors="0" failures="0" skipped="0" tests="17" time="36.854" timestamp="2026-02-27T22:43:51.672467+00:00" hostname="agent-env-11950a2f-ea83-4610-9fb9-0b41c20798d9"><testcase classname="backend.tests.test_text2toss_api.TestHealthEndpoints" name="test_api_health_returns_200" time="2.186" /><testcase classname="backend.tests.test_text2toss_api.TestHealthEndpoints" name="test_api_root_returns_message" time="0.105" /><testcase classname="backend.tests.test_text2toss_api.TestQuoteCreation" name="test_create_quote_small_auto_approved" time="3.956" /><testcase classname="backend.tests.test_text2toss_api.TestQuoteCreation" name="test_create_quote_large_requires_approval" time="5.636" /><testcase classname="backend.tests.test_text2toss_api.TestQuoteCreation" name="test_get_quote_by_id" time="3.693" /><testcase classname="backend.tests.test_text2toss_api.TestAdminAuthentication" name="test_admin_login_success" time="0.378" /><testcase classname="backend.tests.test_text2toss_api.TestAdminAuthentication" name="test_admin_login_invalid_password" time="0.345" /><testcase classname="backend.tests.test_text2toss_api.TestQuoteApproval" name="test_get_pending_quotes" time="0.108" /><testcase classname="backend.tests.test_text2toss_api.TestQuoteApproval" name="test_get_quote_approval_stats" time="0.162" /><testcase classname="backend.tests.test_text2toss_api.TestQuoteApproval" name="test_approve_quote" time="4.080" /><testcase classname="backend.tests.test_text2toss_api.TestQuoteApproval" name="test_reject_quote" time="4.901" /><testcase classname="backend.tests.test_text2toss_api.TestBookingCreation" name="test_booking_with_auto_approved_quote" time="5.488" /><testcase classname="backend.tests.test_text2toss_api.TestBookingCreation" name="test_booking_with_approval_required_quote" time="5.208" /><testcase classname="backend.tests.test_text2toss_api.TestAvailability" name="test_get_availability_for_valid_date" time="0.169" /><testcase classname="backend.tests.test_text2toss_api.TestAvailability" name="test_availability_not_available_weekend" time="0.116" /><testcase classname="backend.tests.test_text2toss_api.TestAdminDashboard" name="test_get_daily_schedule" time="0.112" /><testcase classname="backend.tests.test_text2toss_api.TestAdminDashboard" name="test_get_pending_payments" time="0.134" /></testsuite></testsuites>