<?xml version="1.0" encoding="utf-8"?><testsuites name="pytest tests"><testsuite name="pytest" errors="0" failures="0" skipped="0" tests="18" time="2.148" timestamp="2026-04-26T17:24:26.116648+00:00" hostname="agent-env-11950a2f-ea83-4610-9fb9-0b41c20798d9"><testcase classname="backend.tests.test_marketing.TestMarketingAuthGating" name="test_endpoint_requires_admin_cookie[POST-/api/admin/marketing/share-event-body0]" time="0.222" /><testcase classname="backend.tests.test_marketing.TestMarketingAuthGating" name="test_endpoint_requires_admin_cookie[GET-/api/admin/marketing/stats-None]" time="0.117" /><testcase classname="backend.tests.test_marketing.TestMarketingAuthGating" name="test_endpoint_requires_admin_cookie[GET-/api/admin/marketing/settings-None]" time="0.156" /><testcase classname="backend.tests.test_marketing.TestMarketingAuthGating" name="test_endpoint_requires_admin_cookie[POST-/api/admin/marketing/settings-body3]" time="0.114" /><testcase classname="backend.tests.test_marketing.TestMarketingShareEvent" name="test_share_event_valid_channels[native]" time="0.503" /><testcase classname="backend.tests.test_marketing.TestMarketingShareEvent" name="test_share_event_valid_channels[facebook]" time="0.057" /><testcase classname="backend.tests.test_marketing.TestMarketingShareEvent" name="test_share_event_valid_channels[copy]" time="0.053" /><testcase classname="backend.tests.test_marketing.TestMarketingShareEvent" name="test_share_event_valid_channels[download]" time="0.075" /><testcase classname="backend.tests.test_marketing.TestMarketingShareEvent" name="test_share_event_invalid_channel_returns_400" time="0.050" /><testcase classname="backend.tests.test_marketing.TestMarketingShareEvent" name="test_share_event_missing_channel_returns_422" time="0.051" /><testcase classname="backend.tests.test_marketing.TestMarketingShareEvent" name="test_share_event_increments_stats" time="0.173" /><testcase classname="backend.tests.test_marketing.TestMarketingStats" name="test_stats_shape" time="0.061" /><testcase classname="backend.tests.test_marketing.TestMarketingSettings" name="test_get_settings_returns_object" time="0.059" /><testcase classname="backend.tests.test_marketing.TestMarketingSettings" name="test_save_and_persist_settings" time="0.176" /><testcase classname="backend.tests.test_marketing.TestMarketingSettings" name="test_save_settings_rejects_long_deal_text" time="0.054" /><testcase classname="backend.tests.test_marketing.TestMarketingSettings" name="test_save_settings_rejects_invalid_hour[-1]" time="0.050" /><testcase classname="backend.tests.test_marketing.TestMarketingSettings" name="test_save_settings_rejects_invalid_hour[24]" time="0.050" /><testcase classname="backend.tests.test_marketing.TestMarketingSettings" name="test_save_settings_rejects_invalid_hour[99]" time="0.054" /></testsuite></testsuites>